36.0 APEX_CODE,FINEST;APEX_PROFILING,INFO;CALLOUT,INFO;DB,INFO;SYSTEM,DEBUG;VALIDATION,INFO;VISUALFORCE,INFO;WORKFLOW,INFO
15:47:57.0 (354384)|EXECUTION_STARTED
15:47:57.0 (389515)|CODE_UNIT_STARTED|[EXTERNAL]|01p3600000CaTtS|ReferLitify.createReferral
15:47:57.0 (571731)|HEAP_ALLOCATE|[72]|Bytes:3
15:47:57.0 (636278)|HEAP_ALLOCATE|[77]|Bytes:152
15:47:57.0 (651087)|HEAP_ALLOCATE|[342]|Bytes:408
15:47:57.0 (668733)|HEAP_ALLOCATE|[355]|Bytes:408
15:47:57.0 (685218)|HEAP_ALLOCATE|[467]|Bytes:48
15:47:57.0 (715870)|HEAP_ALLOCATE|[139]|Bytes:6
15:47:57.0 (738385)|HEAP_ALLOCATE|[EXTERNAL]|Bytes:7
15:47:57.0 (764417)|HEAP_ALLOCATE|[EXTERNAL]|Bytes:7
15:47:57.0 (781465)|METHOD_ENTRY|[1]|01p3600000CaTtS|ReferLitify.ReferLitify()
15:47:57.0 (785651)|STATEMENT_EXECUTE|[1]
15:47:57.0 (793148)|STATEMENT_EXECUTE|[1]
15:47:57.0 (799508)|METHOD_EXIT|[1]|ReferLitify
15:47:57.0 (804825)|HEAP_ALLOCATE|[EXTERNAL]|Bytes:15
15:47:57.0 (817563)|VARIABLE_SCOPE_BEGIN|[4]|intakeId|String|false|false
15:47:57.0 (849986)|VARIABLE_ASSIGNMENT|[4]|intakeId|"a00360000043wLS"
15:47:57.0 (860991)|STATEMENT_EXECUTE|[4]
15:47:57.0 (862618)|STATEMENT_EXECUTE|[5]
15:47:57.0 (877715)|METHOD_ENTRY|[5]|01p3600000CaTtS|ReferLitify.getAuth()
15:47:57.0 (903941)|STATEMENT_EXECUTE|[32]
15:47:57.0 (906208)|STATEMENT_EXECUTE|[34]
15:47:57.0 (933885)|VARIABLE_SCOPE_BEGIN|[34]|h|System.Http|true|false
15:47:57.0 (1070736)|VARIABLE_ASSIGNMENT|[34]|h|"System.Http[]"|0x69f51cc
15:47:57.0 (1076867)|STATEMENT_EXECUTE|[35]
15:47:57.0 (1097589)|VARIABLE_SCOPE_BEGIN|[35]|req|System.HttpRequest|true|false
15:47:57.0 (1159297)|VARIABLE_ASSIGNMENT|[35]|req|"System.HttpRequest[Endpoint=null, Method=null]"|0x279b51f0
15:47:57.0 (1169083)|STATEMENT_EXECUTE|[37]
15:47:57.0 (1174135)|HEAP_ALLOCATE|[37]|Bytes:4
15:47:57.0 (1228838)|STATEMENT_EXECUTE|[38]
15:47:57.0 (1233671)|HEAP_ALLOCATE|[38]|Bytes:12
15:47:57.0 (1237505)|HEAP_ALLOCATE|[38]|Bytes:16
15:47:57.0 (1279034)|STATEMENT_EXECUTE|[39]
15:47:57.0 (1283353)|HEAP_ALLOCATE|[39]|Bytes:6
15:47:57.0 (1314127)|STATEMENT_EXECUTE|[42]
15:47:57.0 (1318438)|HEAP_ALLOCATE|[42]|Bytes:58
15:47:57.0 (1344578)|STATEMENT_EXECUTE|[44]
15:47:57.0 (1348789)|HEAP_ALLOCATE|[44]|Bytes:61
15:47:57.0 (1382428)|STATEMENT_EXECUTE|[46]
15:47:57.0 (1388948)|VARIABLE_SCOPE_BEGIN|[46]|res|System.HttpResponse|true|false
15:47:57.0 (1397325)|VARIABLE_ASSIGNMENT|[46]|res|null|
15:47:57.0 (1399556)|STATEMENT_EXECUTE|[47]
15:47:57.0 (1472387)|CALLOUT_REQUEST|[47]|System.HttpRequest[Endpoint=https://referral-api-dev.herokuapp.com/api/v1/authenticate, Method=POST]
15:47:57.0 (269767806)|HEAP_ALLOCATE|[EXTERNAL]|Bytes:1932
15:47:57.0 (269858519)|CALLOUT_RESPONSE|[47]|System.HttpResponse[Status=OK, StatusCode=200]
15:47:57.0 (269875287)|HEAP_ALLOCATE|[47]|Bytes:1423
15:47:57.0 (269987085)|VARIABLE_ASSIGNMENT|[47]|res|"System.HttpResponse[Status=OK, StatusCode=200]"|0x6dac2ce8
15:47:57.0 (269995037)|STATEMENT_EXECUTE|[48]
15:47:57.0 (270007617)|HEAP_ALLOCATE|[48]|Bytes:19
15:47:57.0 (270082777)|HEAP_ALLOCATE|[48]|Bytes:20
15:47:57.0 (270099288)|METHOD_EXIT|[5]|01p3600000CaTtS|ReferLitify.getAuth()
15:47:57.0 (270110079)|VARIABLE_SCOPE_BEGIN|[5]|auth|String|false|false
15:47:57.0 (270122056)|VARIABLE_ASSIGNMENT|[5]|auth|"PCSjUkQLty1WaHxj1DYs"
15:47:57.0 (270125128)|STATEMENT_EXECUTE|[6]
15:47:57.0 (270133118)|METHOD_ENTRY|[6]|01p3600000CaTtS|ReferLitify.getAuth()
15:47:57.0 (270174254)|STATEMENT_EXECUTE|[32]
15:47:57.0 (270178122)|STATEMENT_EXECUTE|[34]
15:47:57.0 (270201891)|VARIABLE_SCOPE_BEGIN|[34]|h|System.Http|true|false
15:47:57.0 (270300299)|VARIABLE_ASSIGNMENT|[34]|h|"System.Http[]"|0x666bf4e1
15:47:57.0 (270307694)|STATEMENT_EXECUTE|[35]
15:47:57.0 (270328496)|VARIABLE_SCOPE_BEGIN|[35]|req|System.HttpRequest|true|false
15:47:57.0 (270426296)|VARIABLE_ASSIGNMENT|[35]|req|"System.HttpRequest[Endpoint=null, Method=null]"|0x17f59eeb
15:47:57.0 (270433738)|STATEMENT_EXECUTE|[37]
15:47:57.0 (270465752)|STATEMENT_EXECUTE|[38]
15:47:57.0 (270503479)|STATEMENT_EXECUTE|[39]
15:47:57.0 (270529850)|STATEMENT_EXECUTE|[42]
15:47:57.0 (270550861)|STATEMENT_EXECUTE|[44]
15:47:57.0 (270579666)|STATEMENT_EXECUTE|[46]
15:47:57.0 (270586600)|VARIABLE_SCOPE_BEGIN|[46]|res|System.HttpResponse|true|false
15:47:57.0 (270598165)|VARIABLE_ASSIGNMENT|[46]|res|null|
15:47:57.0 (270602301)|STATEMENT_EXECUTE|[47]
15:47:57.0 (272585171)|CALLOUT_REQUEST|[47]|System.HttpRequest[Endpoint=https://referral-api-dev.herokuapp.com/api/v1/authenticate, Method=POST]
15:47:57.0 (462057265)|HEAP_ALLOCATE|[EXTERNAL]|Bytes:1932
15:47:57.0 (462137988)|CALLOUT_RESPONSE|[47]|System.HttpResponse[Status=OK, StatusCode=200]
15:47:57.0 (462157506)|HEAP_ALLOCATE|[47]|Bytes:1423
15:47:57.0 (462271753)|VARIABLE_ASSIGNMENT|[47]|res|"System.HttpResponse[Status=OK, StatusCode=200]"|0x442436f5
15:47:57.0 (462279707)|STATEMENT_EXECUTE|[48]
15:47:57.0 (462312766)|HEAP_ALLOCATE|[48]|Bytes:20
15:47:57.0 (462330079)|METHOD_EXIT|[6]|01p3600000CaTtS|ReferLitify.getAuth()
15:47:57.0 (462399326)|HEAP_ALLOCATE|[50]|Bytes:5
15:47:57.0 (462435961)|HEAP_ALLOCATE|[56]|Bytes:5
15:47:57.0 (462450925)|HEAP_ALLOCATE|[64]|Bytes:7
15:47:57.0 (462518679)|USER_DEBUG|[6]|DEBUG|PCSjUkQLty1WaHxj1DYs
15:47:57.0 (462532050)|STATEMENT_EXECUTE|[8]
15:47:57.0 (462540071)|HEAP_ALLOCATE|[8]|Bytes:50
15:47:57.0 (462557566)|HEAP_ALLOCATE|[8]|Bytes:4
15:47:57.0 (462575662)|HEAP_ALLOCATE|[8]|Bytes:7
15:47:57.0 (462972427)|SOQL_EXECUTE_BEGIN|[8]|Aggregations:0|SELECT Id, Name FROM Intake__c WHERE Id = :tmpVar1
15:47:57.0 (467309475)|SOQL_EXECUTE_END|[8]|Rows:1
15:47:57.0 (467326492)|HEAP_ALLOCATE|[8]|Bytes:8
15:47:57.0 (467338723)|HEAP_ALLOCATE|[8]|Bytes:48
15:47:57.0 (467493236)|HEAP_ALLOCATE|[8]|Bytes:8
15:47:57.0 (467503749)|HEAP_ALLOCATE|[8]|Bytes:35
15:47:57.0 (467594807)|HEAP_ALLOCATE|[8]|Bytes:12
15:47:57.0 (467607121)|VARIABLE_SCOPE_BEGIN|[8]|intake|Intake__c|true|false
15:47:57.0 (467640841)|VARIABLE_ASSIGNMENT|[8]|intake|{"s":1,"v":{"Id":"a00360000043wLSAAY","Name":"Test Intake"}}|0x59c2c498
15:47:57.0 (467645202)|STATEMENT_EXECUTE|[9]
15:47:57.0 (467671139)|METHOD_ENTRY|[9]|01p3600000CaTtS|ReferLitify.sendIntake(Intake__c, String)
15:47:57.0 (467705812)|VARIABLE_SCOPE_BEGIN|[12]|intake|Intake__c|true|false
15:47:57.0 (467718822)|VARIABLE_ASSIGNMENT|[12]|intake|{"s":1,"v":{"Id":"a00360000043wLSAAY","Name":"Test Intake"}}|0x59c2c498
15:47:57.0 (467723995)|VARIABLE_SCOPE_BEGIN|[12]|auth|String|false|false
15:47:57.0 (467729608)|VARIABLE_ASSIGNMENT|[12]|auth|"PCSjUkQLty1WaHxj1DYs"
15:47:57.0 (467735002)|STATEMENT_EXECUTE|[12]
15:47:57.0 (467736983)|STATEMENT_EXECUTE|[13]
15:47:57.0 (467764576)|VARIABLE_SCOPE_BEGIN|[13]|h|System.Http|true|false
15:47:57.0 (467825646)|VARIABLE_ASSIGNMENT|[13]|h|"System.Http[]"|0x5843fbba
15:47:57.0 (467830724)|STATEMENT_EXECUTE|[14]
15:47:57.0 (467848296)|VARIABLE_SCOPE_BEGIN|[14]|req|System.HttpRequest|true|false
15:47:57.0 (467906243)|VARIABLE_ASSIGNMENT|[14]|req|"System.HttpRequest[Endpoint=null, Method=null]"|0x6769920f
15:47:57.0 (467911179)|STATEMENT_EXECUTE|[16]
15:47:57.0 (467975332)|STATEMENT_EXECUTE|[17]
15:47:57.0 (468019717)|STATEMENT_EXECUTE|[18]
15:47:57.0 (468051462)|STATEMENT_EXECUTE|[20]
15:47:57.0 (468081592)|STATEMENT_EXECUTE|[21]
15:47:57.0 (468106838)|USER_DEBUG|[21]|DEBUG|PCSjUkQLty1WaHxj1DYs
15:47:57.0 (468113666)|STATEMENT_EXECUTE|[22]
15:47:57.0 (468118758)|HEAP_ALLOCATE|[22]|Bytes:62
15:47:57.0 (468149279)|STATEMENT_EXECUTE|[23]
15:47:57.0 (468154310)|HEAP_ALLOCATE|[23]|Bytes:23
15:47:57.0 (468191923)|HEAP_ALLOCATE|[23]|Bytes:2
15:47:57.0 (468214724)|HEAP_ALLOCATE|[23]|Bytes:36
15:47:57.0 (468255767)|STATEMENT_EXECUTE|[25]
15:47:57.0 (468261045)|VARIABLE_SCOPE_BEGIN|[25]|res|System.HttpResponse|true|false
15:47:57.0 (468268827)|VARIABLE_ASSIGNMENT|[25]|res|null|
15:47:57.0 (468271147)|STATEMENT_EXECUTE|[26]
15:47:57.0 (468341649)|CALLOUT_REQUEST|[26]|System.HttpRequest[Endpoint=https://referral-api-dev.herokuapp.com/api/v1/referral_intakes, Method=POST]
15:47:57.0 (532518802)|HEAP_ALLOCATE|[EXTERNAL]|Bytes:557
15:47:57.0 (532611035)|CALLOUT_RESPONSE|[26]|System.HttpResponse[Status=Unauthorized, StatusCode=401]
15:47:57.0 (532628982)|HEAP_ALLOCATE|[26]|Bytes:168
15:47:57.0 (532772919)|VARIABLE_ASSIGNMENT|[26]|res|"System.HttpResponse[Status=Unauthorized, StatusCode=401]"|0x5bb6e994
15:47:57.0 (532781341)|STATEMENT_EXECUTE|[27]
15:47:57.0 (532871801)|HEAP_ALLOCATE|[27]|Bytes:152
15:47:57.0 (532900721)|USER_DEBUG|[27]|DEBUG|{"error_message":"not allowed to create_referral_intake? this :feature_toggle","errors":["not allowed to create_referral_intake? this :feature_toggle"]}
15:47:57.0 (532908600)|STATEMENT_EXECUTE|[29]
15:47:57.0 (532970611)|HEAP_ALLOCATE|[29]|Bytes:152
15:47:57.0 (532994285)|METHOD_EXIT|[9]|01p3600000CaTtS|ReferLitify.sendIntake(Intake__c, String)
15:47:57.535 (535221299)|CUMULATIVE_LIMIT_USAGE
15:47:57.535 (535221299)|LIMIT_USAGE_FOR_NS|(default)|
  Number of SOQL queries: 1 out of 100
  Number of query rows: 1 out of 50000
  Number of SOSL queries: 0 out of 20
  Number of DML statements: 0 out of 150
  Number of DML rows: 0 out of 10000
  Maximum CPU time: 0 out of 10000
  Maximum heap size: 0 out of 6000000
  Number of callouts: 3 out of 100
  Number of Email Invocations: 0 out of 10
  Number of future calls: 0 out of 50
  Number of queueable jobs added to the queue: 0 out of 50
  Number of Mobile Apex push calls: 0 out of 10

15:47:57.535 (535221299)|CUMULATIVE_LIMIT_USAGE_END

15:47:57.0 (535281355)|CODE_UNIT_FINISHED|ReferLitify.createReferral
15:47:57.0 (536329364)|EXECUTION_FINISHED
